[2024-06-23 02:42:17,597: INFO: main: Hello World]
[2024-06-23 13:57:44,912: INFO: common: yaml file: config\config.yaml loaded successfully]
[2024-06-23 13:57:44,913: INFO: common: yaml file: params.yaml loaded successfully]
[2024-06-23 13:57:44,914: INFO: common: yaml file: schema.yaml loaded successfully]
[2024-06-23 13:58:23,727: INFO: common: yaml file: config\config.yaml loaded successfully]
[2024-06-23 13:58:23,728: INFO: common: yaml file: params.yaml loaded successfully]
[2024-06-23 13:58:23,729: INFO: common: yaml file: schema.yaml loaded successfully]
[2024-06-23 13:59:07,027: INFO: common: yaml file: config\config.yaml loaded successfully]
[2024-06-23 13:59:07,028: INFO: common: yaml file: params.yaml loaded successfully]
[2024-06-23 13:59:07,029: INFO: common: yaml file: schema.yaml loaded successfully]
[2024-06-23 13:59:07,030: INFO: common: created directory at: artifacts]
[2024-06-23 13:59:07,031: INFO: common: created directory at: artifacts/data_ingestion]
[2024-06-23 13:59:09,001: INFO: 2280763589: artifacts/data_ingestion/data.zip download! with following info: 
Server: GitHub.com
Date: Sun, 23 Jun 2024 08:29:08 GMT
Content-Type: text/html; charset=utf-8
Vary: X-PJAX, X-PJAX-Container, Turbo-Visit, Turbo-Frame, Accept-Encoding, Accept, X-Requested-With
ETag: W/"fdebb5e5a1b07e84533b4835a12656ad"
Cache-Control: max-age=0, private, must-revalidate
Strict-Transport-Security: max-age=31536000; includeSubdomains; preload
X-Frame-Options: deny
X-Content-Type-Options: nosniff
X-XSS-Protection: 0
Referrer-Policy: no-referrer-when-downgrade
Content-Security-Policy: default-src 'none'; base-uri 'self'; child-src github.com/assets-cdn/worker/ gist.github.com/assets-cdn/worker/; connect-src 'self' uploads.github.com www.githubstatus.com collector.github.com raw.githubusercontent.com api.github.com github-cloud.s3.amazonaws.com github-production-repository-file-5c1aeb.s3.amazonaws.com github-production-upload-manifest-file-7fdce7.s3.amazonaws.com github-production-user-asset-6210df.s3.amazonaws.com api.githubcopilot.com objects-origin.githubusercontent.com copilot-proxy.githubusercontent.com/v1/engines/github-completion/completions *.actions.githubusercontent.com wss://*.actions.githubusercontent.com productionresultssa0.blob.core.windows.net/ productionresultssa1.blob.core.windows.net/ productionresultssa2.blob.core.windows.net/ productionresultssa3.blob.core.windows.net/ productionresultssa4.blob.core.windows.net/ productionresultssa5.blob.core.windows.net/ productionresultssa6.blob.core.windows.net/ productionresultssa7.blob.core.windows.net/ productionresultssa8.blob.core.windows.net/ productionresultssa9.blob.core.windows.net/ productionresultssa10.blob.core.windows.net/ productionresultssa11.blob.core.windows.net/ productionresultssa12.blob.core.windows.net/ productionresultssa13.blob.core.windows.net/ productionresultssa14.blob.core.windows.net/ productionresultssa15.blob.core.windows.net/ productionresultssa16.blob.core.windows.net/ productionresultssa17.blob.core.windows.net/ productionresultssa18.blob.core.windows.net/ productionresultssa19.blob.core.windows.net/ github-production-repository-image-32fea6.s3.amazonaws.com github-production-release-asset-2e65be.s3.amazonaws.com insights.github.com wss://alive.github.com; font-src github.githubassets.com; form-action 'self' github.com gist.github.com copilot-workspace.githubnext.com objects-origin.githubusercontent.com; frame-ancestors 'none'; frame-src viewscreen.githubusercontent.com notebooks.githubusercontent.com; img-src 'self' data: blob: github.githubassets.com media.githubusercontent.com camo.githubusercontent.com identicons.github.com avatars.githubusercontent.com github-cloud.s3.amazonaws.com objects.githubusercontent.com secured-user-images.githubusercontent.com/ user-images.githubusercontent.com/ private-user-images.githubusercontent.com opengraph.githubassets.com github-production-user-asset-6210df.s3.amazonaws.com customer-stories-feed.github.com spotlights-feed.github.com objects-origin.githubusercontent.com *.githubusercontent.com; manifest-src 'self'; media-src github.com user-images.githubusercontent.com/ secured-user-images.githubusercontent.com/ private-user-images.githubusercontent.com github-production-user-asset-6210df.s3.amazonaws.com gist.github.com; script-src github.githubassets.com; style-src 'unsafe-inline' github.githubassets.com; upgrade-insecure-requests; worker-src github.com/assets-cdn/worker/ gist.github.com/assets-cdn/worker/
Set-Cookie: _gh_sess=4IyeZT66iBe%2FsHBf1jOXO%2FV9Ian0sTxYMvL%2FOlbN4iUX68%2FH3%2FyQvG24USrM4JhB6kaksvI90AgMUnB2uaDL1F2X37lmBrX8zdNGyTfLYDQrcVP797wCUpa1TzFde6A439JKh5woScczuUPqBuzngQVVPr8BdFBcd9Zw7joeJulrXlq2K9k%2F25xaHYqwYRtq9XkqKfNZhIgTGO0E6H0U%2FJTylkcVW02DBzVM4q%2Fd6gs6%2BL6c9yKPXn8sWdRDwUcjXufs7b%2FcevA3X6mAiI96Gw%3D%3D--VAPFQccP9B%2FxGzuu--QKqlp%2B%2F9Khc9oywg1%2BQF5A%3D%3D; Path=/; HttpOnly; Secure; SameSite=Lax
Set-Cookie: _octo=GH1.1.1592496303.1719131348; Path=/; Domain=github.com; Expires=Mon, 23 Jun 2025 08:29:08 GMT; Secure; SameSite=Lax
Set-Cookie: logged_in=no; Path=/; Domain=github.com; Expires=Mon, 23 Jun 2025 08:29:08 GMT; HttpOnly; Secure; SameSite=Lax
Accept-Ranges: bytes
Transfer-Encoding: chunked
X-GitHub-Request-Id: 08DC:287641:52ECD:5BFD0:6677DCD4
connection: close

]
[2024-06-23 14:01:53,348: INFO: common: yaml file: config\config.yaml loaded successfully]
[2024-06-23 14:01:53,350: INFO: common: yaml file: params.yaml loaded successfully]
[2024-06-23 14:01:53,352: INFO: common: yaml file: schema.yaml loaded successfully]
[2024-06-23 14:01:53,353: INFO: common: created directory at: artifacts]
[2024-06-23 14:01:53,354: INFO: common: created directory at: artifacts/data_ingestion]
[2024-06-23 14:01:53,355: INFO: 2280763589: File already exists of size: ~ 156 KB]
[2024-06-23 14:04:42,090: INFO: common: yaml file: config\config.yaml loaded successfully]
[2024-06-23 14:04:42,091: INFO: common: yaml file: params.yaml loaded successfully]
[2024-06-23 14:04:42,092: INFO: common: yaml file: schema.yaml loaded successfully]
[2024-06-23 14:04:42,093: INFO: common: created directory at: artifacts]
[2024-06-23 14:04:42,094: INFO: common: created directory at: artifacts/data_ingestion]
[2024-06-23 14:04:42,095: INFO: 2280763589: File already exists of size: ~ 156 KB]
[2024-06-23 14:08:05,745: INFO: common: yaml file: config\config.yaml loaded successfully]
[2024-06-23 14:08:05,746: INFO: common: yaml file: params.yaml loaded successfully]
[2024-06-23 14:08:05,747: INFO: common: yaml file: schema.yaml loaded successfully]
[2024-06-23 14:08:05,748: INFO: common: created directory at: artifacts]
[2024-06-23 14:08:05,749: INFO: common: created directory at: artifacts/data_ingestion]
[2024-06-23 14:08:05,750: INFO: 2280763589: File already exists of size: ~ 156 KB]
[2024-06-23 14:23:44,239: INFO: common: yaml file: config\config.yaml loaded successfully]
[2024-06-23 14:23:44,240: INFO: common: yaml file: params.yaml loaded successfully]
[2024-06-23 14:23:44,241: INFO: common: yaml file: schema.yaml loaded successfully]
[2024-06-23 14:23:44,242: INFO: common: created directory at: artifacts]
[2024-06-23 14:23:44,243: INFO: common: created directory at: artifacts/data_ingestion]
[2024-06-23 14:23:46,344: INFO: 2280763589: artifacts/data_ingestion/data.zip download! with following info: 
Server: GitHub.com
Date: Sun, 23 Jun 2024 08:53:45 GMT
Content-Type: text/html; charset=utf-8
Vary: X-PJAX, X-PJAX-Container, Turbo-Visit, Turbo-Frame, Accept-Encoding, Accept, X-Requested-With
ETag: W/"51ba1645aeee3198b553a3561c4e38f1"
Cache-Control: max-age=0, private, must-revalidate
Strict-Transport-Security: max-age=31536000; includeSubdomains; preload
X-Frame-Options: deny
X-Content-Type-Options: nosniff
X-XSS-Protection: 0
Referrer-Policy: no-referrer-when-downgrade
Content-Security-Policy: default-src 'none'; base-uri 'self'; child-src github.com/assets-cdn/worker/ gist.github.com/assets-cdn/worker/; connect-src 'self' uploads.github.com www.githubstatus.com collector.github.com raw.githubusercontent.com api.github.com github-cloud.s3.amazonaws.com github-production-repository-file-5c1aeb.s3.amazonaws.com github-production-upload-manifest-file-7fdce7.s3.amazonaws.com github-production-user-asset-6210df.s3.amazonaws.com api.githubcopilot.com objects-origin.githubusercontent.com copilot-proxy.githubusercontent.com/v1/engines/github-completion/completions *.actions.githubusercontent.com wss://*.actions.githubusercontent.com productionresultssa0.blob.core.windows.net/ productionresultssa1.blob.core.windows.net/ productionresultssa2.blob.core.windows.net/ productionresultssa3.blob.core.windows.net/ productionresultssa4.blob.core.windows.net/ productionresultssa5.blob.core.windows.net/ productionresultssa6.blob.core.windows.net/ productionresultssa7.blob.core.windows.net/ productionresultssa8.blob.core.windows.net/ productionresultssa9.blob.core.windows.net/ productionresultssa10.blob.core.windows.net/ productionresultssa11.blob.core.windows.net/ productionresultssa12.blob.core.windows.net/ productionresultssa13.blob.core.windows.net/ productionresultssa14.blob.core.windows.net/ productionresultssa15.blob.core.windows.net/ productionresultssa16.blob.core.windows.net/ productionresultssa17.blob.core.windows.net/ productionresultssa18.blob.core.windows.net/ productionresultssa19.blob.core.windows.net/ github-production-repository-image-32fea6.s3.amazonaws.com github-production-release-asset-2e65be.s3.amazonaws.com insights.github.com wss://alive.github.com; font-src github.githubassets.com; form-action 'self' github.com gist.github.com copilot-workspace.githubnext.com objects-origin.githubusercontent.com; frame-ancestors 'none'; frame-src viewscreen.githubusercontent.com notebooks.githubusercontent.com; img-src 'self' data: blob: github.githubassets.com media.githubusercontent.com camo.githubusercontent.com identicons.github.com avatars.githubusercontent.com github-cloud.s3.amazonaws.com objects.githubusercontent.com secured-user-images.githubusercontent.com/ user-images.githubusercontent.com/ private-user-images.githubusercontent.com opengraph.githubassets.com github-production-user-asset-6210df.s3.amazonaws.com customer-stories-feed.github.com spotlights-feed.github.com objects-origin.githubusercontent.com *.githubusercontent.com; manifest-src 'self'; media-src github.com user-images.githubusercontent.com/ secured-user-images.githubusercontent.com/ private-user-images.githubusercontent.com github-production-user-asset-6210df.s3.amazonaws.com gist.github.com; script-src github.githubassets.com; style-src 'unsafe-inline' github.githubassets.com; upgrade-insecure-requests; worker-src github.com/assets-cdn/worker/ gist.github.com/assets-cdn/worker/
Set-Cookie: _gh_sess=f5c0hKtrC%2B6Nxv6JkXUKzYcM8nyZEKRBVK7k%2FWbCjLUp6zBNXQbZCmhta%2Bz3yLqpMLIehejSOl%2B2o%2FyhAUCBAFHT9c6M2c3KEyJloBrf0YNwI%2B1kq%2FYVogUugzoFSnDYIGIoRHUDC4lBplXYfdQTADvNhkbNwsWVFNliJ3yis0vKvwXryDGQrgLNhvdQtWcFs1QNOTtxh9%2ByoJoxoGOvBWbj6zMKx1NhklOQUG9l2m8I%2BdaX6mmV3q%2BuaHZ9C4sXWLzezYrxMw8XCtDHRrZKpw%3D%3D--emRiyqrx0SQiEYnl--5llmpSqrqtJKaa3LKiPd3g%3D%3D; Path=/; HttpOnly; Secure; SameSite=Lax
Set-Cookie: _octo=GH1.1.571240832.1719132825; Path=/; Domain=github.com; Expires=Mon, 23 Jun 2025 08:53:45 GMT; Secure; SameSite=Lax
Set-Cookie: logged_in=no; Path=/; Domain=github.com; Expires=Mon, 23 Jun 2025 08:53:45 GMT; HttpOnly; Secure; SameSite=Lax
Accept-Ranges: bytes
Transfer-Encoding: chunked
X-GitHub-Request-Id: 0E98:1D77F9:E4EF09:101D36F:6677E298
connection: close

]
[2024-06-23 14:27:49,045: INFO: common: yaml file: config\config.yaml loaded successfully]
[2024-06-23 14:27:49,047: INFO: common: yaml file: params.yaml loaded successfully]
[2024-06-23 14:27:49,048: INFO: common: yaml file: schema.yaml loaded successfully]
[2024-06-23 14:27:49,049: INFO: common: created directory at: artifacts]
[2024-06-23 14:27:49,050: INFO: common: created directory at: artifacts/data_ingestion]
[2024-06-23 14:27:49,051: INFO: 2280763589: File already exists of size: ~ 9 KB]
[2024-06-23 14:31:20,043: INFO: common: yaml file: config\config.yaml loaded successfully]
[2024-06-23 14:31:20,044: INFO: common: yaml file: params.yaml loaded successfully]
[2024-06-23 14:31:20,045: INFO: common: yaml file: schema.yaml loaded successfully]
[2024-06-23 14:31:20,046: INFO: common: created directory at: artifacts]
[2024-06-23 14:31:20,047: INFO: common: created directory at: artifacts/data_ingestion]
[2024-06-23 14:31:22,276: INFO: 2280763589: artifacts/data_ingestion/data.zip download! with following info: 
Server: GitHub.com
Date: Sun, 23 Jun 2024 09:01:21 GMT
Content-Type: text/html; charset=utf-8
Vary: X-PJAX, X-PJAX-Container, Turbo-Visit, Turbo-Frame, Accept-Encoding, Accept, X-Requested-With
ETag: W/"fdc421ef4de1bb177b5d76eee7c3151c"
Cache-Control: max-age=0, private, must-revalidate
Strict-Transport-Security: max-age=31536000; includeSubdomains; preload
X-Frame-Options: deny
X-Content-Type-Options: nosniff
X-XSS-Protection: 0
Referrer-Policy: no-referrer-when-downgrade
Content-Security-Policy: default-src 'none'; base-uri 'self'; child-src github.com/assets-cdn/worker/ gist.github.com/assets-cdn/worker/; connect-src 'self' uploads.github.com www.githubstatus.com collector.github.com raw.githubusercontent.com api.github.com github-cloud.s3.amazonaws.com github-production-repository-file-5c1aeb.s3.amazonaws.com github-production-upload-manifest-file-7fdce7.s3.amazonaws.com github-production-user-asset-6210df.s3.amazonaws.com api.githubcopilot.com objects-origin.githubusercontent.com copilot-proxy.githubusercontent.com/v1/engines/github-completion/completions *.actions.githubusercontent.com wss://*.actions.githubusercontent.com productionresultssa0.blob.core.windows.net/ productionresultssa1.blob.core.windows.net/ productionresultssa2.blob.core.windows.net/ productionresultssa3.blob.core.windows.net/ productionresultssa4.blob.core.windows.net/ productionresultssa5.blob.core.windows.net/ productionresultssa6.blob.core.windows.net/ productionresultssa7.blob.core.windows.net/ productionresultssa8.blob.core.windows.net/ productionresultssa9.blob.core.windows.net/ productionresultssa10.blob.core.windows.net/ productionresultssa11.blob.core.windows.net/ productionresultssa12.blob.core.windows.net/ productionresultssa13.blob.core.windows.net/ productionresultssa14.blob.core.windows.net/ productionresultssa15.blob.core.windows.net/ productionresultssa16.blob.core.windows.net/ productionresultssa17.blob.core.windows.net/ productionresultssa18.blob.core.windows.net/ productionresultssa19.blob.core.windows.net/ github-production-repository-image-32fea6.s3.amazonaws.com github-production-release-asset-2e65be.s3.amazonaws.com insights.github.com wss://alive.github.com; font-src github.githubassets.com; form-action 'self' github.com gist.github.com copilot-workspace.githubnext.com objects-origin.githubusercontent.com; frame-ancestors 'none'; frame-src viewscreen.githubusercontent.com notebooks.githubusercontent.com; img-src 'self' data: blob: github.githubassets.com media.githubusercontent.com camo.githubusercontent.com identicons.github.com avatars.githubusercontent.com github-cloud.s3.amazonaws.com objects.githubusercontent.com secured-user-images.githubusercontent.com/ user-images.githubusercontent.com/ private-user-images.githubusercontent.com opengraph.githubassets.com github-production-user-asset-6210df.s3.amazonaws.com customer-stories-feed.github.com spotlights-feed.github.com objects-origin.githubusercontent.com *.githubusercontent.com; manifest-src 'self'; media-src github.com user-images.githubusercontent.com/ secured-user-images.githubusercontent.com/ private-user-images.githubusercontent.com github-production-user-asset-6210df.s3.amazonaws.com gist.github.com; script-src github.githubassets.com; style-src 'unsafe-inline' github.githubassets.com; upgrade-insecure-requests; worker-src github.com/assets-cdn/worker/ gist.github.com/assets-cdn/worker/
Set-Cookie: _gh_sess=BxOvGpgeqPBd15bvB0uPnLAcJgf7VuTt3Z5dUiB3AcU9mlE4zbsF3ot0AqNzCrHkPJo%2BqLbLAT8kbefqxvvrFLbfbPrf8qmv0cnxXmhPwhMY3cBqKoR4fi55mH6GrATl1USc7yPmaGE6oeve7yak9ZJrNTlMMiV%2FR3cq0vWSMp741QfSIyjC07tiEZzWnPfU9%2FJyjzNvgfsq9uziCsnckcYnbvvGPZwtdFycEw5AUFBqjKQx388bMY82%2BS8%2FV4c4uvj2OomLGJr2oZKIZnCuRA%3D%3D--YBsqjcGHI5LsDeg5--Hip%2F5ZC0LyaYBcIYfEjhbg%3D%3D; Path=/; HttpOnly; Secure; SameSite=Lax
Set-Cookie: _octo=GH1.1.1162869807.1719133280; Path=/; Domain=github.com; Expires=Mon, 23 Jun 2025 09:01:20 GMT; Secure; SameSite=Lax
Set-Cookie: logged_in=no; Path=/; Domain=github.com; Expires=Mon, 23 Jun 2025 09:01:20 GMT; HttpOnly; Secure; SameSite=Lax
Accept-Ranges: bytes
Transfer-Encoding: chunked
X-GitHub-Request-Id: 0FB3:1CD19C:E49C56:1019C33:6677E460
connection: close

]
[2024-06-23 14:32:27,887: INFO: common: yaml file: config\config.yaml loaded successfully]
[2024-06-23 14:32:27,889: INFO: common: yaml file: params.yaml loaded successfully]
[2024-06-23 14:32:27,890: INFO: common: yaml file: schema.yaml loaded successfully]
[2024-06-23 14:32:27,891: INFO: common: created directory at: artifacts]
[2024-06-23 14:32:27,891: INFO: common: created directory at: artifacts/data_ingestion]
[2024-06-23 14:32:27,892: INFO: 2280763589: File already exists of size: ~ 336 KB]
[2024-06-23 14:33:37,547: INFO: common: yaml file: config\config.yaml loaded successfully]
[2024-06-23 14:33:37,548: INFO: common: yaml file: params.yaml loaded successfully]
[2024-06-23 14:33:37,549: INFO: common: yaml file: schema.yaml loaded successfully]
[2024-06-23 14:33:37,551: INFO: common: created directory at: artifacts]
[2024-06-23 14:33:37,551: INFO: common: created directory at: artifacts/data_ingestion]
[2024-06-23 14:33:37,552: INFO: 2280763589: File already exists of size: ~ 336 KB]
[2024-06-23 14:33:51,668: INFO: common: yaml file: config\config.yaml loaded successfully]
[2024-06-23 14:33:51,669: INFO: common: yaml file: params.yaml loaded successfully]
[2024-06-23 14:33:51,670: INFO: common: yaml file: schema.yaml loaded successfully]
[2024-06-23 14:33:51,670: INFO: common: created directory at: artifacts]
[2024-06-23 14:33:51,671: INFO: common: created directory at: artifacts/data_ingestion]
[2024-06-23 14:33:53,752: INFO: 2280763589: artifacts/data_ingestion/data.zip download! with following info: 
Server: GitHub.com
Date: Sun, 23 Jun 2024 09:03:52 GMT
Content-Type: text/html; charset=utf-8
Vary: X-PJAX, X-PJAX-Container, Turbo-Visit, Turbo-Frame, Accept-Encoding, Accept, X-Requested-With
ETag: W/"786f646aededeba1c01049122d1391e4"
Cache-Control: max-age=0, private, must-revalidate
Strict-Transport-Security: max-age=31536000; includeSubdomains; preload
X-Frame-Options: deny
X-Content-Type-Options: nosniff
X-XSS-Protection: 0
Referrer-Policy: no-referrer-when-downgrade
Content-Security-Policy: default-src 'none'; base-uri 'self'; child-src github.com/assets-cdn/worker/ gist.github.com/assets-cdn/worker/; connect-src 'self' uploads.github.com www.githubstatus.com collector.github.com raw.githubusercontent.com api.github.com github-cloud.s3.amazonaws.com github-production-repository-file-5c1aeb.s3.amazonaws.com github-production-upload-manifest-file-7fdce7.s3.amazonaws.com github-production-user-asset-6210df.s3.amazonaws.com api.githubcopilot.com objects-origin.githubusercontent.com copilot-proxy.githubusercontent.com/v1/engines/github-completion/completions *.actions.githubusercontent.com wss://*.actions.githubusercontent.com productionresultssa0.blob.core.windows.net/ productionresultssa1.blob.core.windows.net/ productionresultssa2.blob.core.windows.net/ productionresultssa3.blob.core.windows.net/ productionresultssa4.blob.core.windows.net/ productionresultssa5.blob.core.windows.net/ productionresultssa6.blob.core.windows.net/ productionresultssa7.blob.core.windows.net/ productionresultssa8.blob.core.windows.net/ productionresultssa9.blob.core.windows.net/ productionresultssa10.blob.core.windows.net/ productionresultssa11.blob.core.windows.net/ productionresultssa12.blob.core.windows.net/ productionresultssa13.blob.core.windows.net/ productionresultssa14.blob.core.windows.net/ productionresultssa15.blob.core.windows.net/ productionresultssa16.blob.core.windows.net/ productionresultssa17.blob.core.windows.net/ productionresultssa18.blob.core.windows.net/ productionresultssa19.blob.core.windows.net/ github-production-repository-image-32fea6.s3.amazonaws.com github-production-release-asset-2e65be.s3.amazonaws.com insights.github.com wss://alive.github.com; font-src github.githubassets.com; form-action 'self' github.com gist.github.com copilot-workspace.githubnext.com objects-origin.githubusercontent.com; frame-ancestors 'none'; frame-src viewscreen.githubusercontent.com notebooks.githubusercontent.com; img-src 'self' data: blob: github.githubassets.com media.githubusercontent.com camo.githubusercontent.com identicons.github.com avatars.githubusercontent.com github-cloud.s3.amazonaws.com objects.githubusercontent.com secured-user-images.githubusercontent.com/ user-images.githubusercontent.com/ private-user-images.githubusercontent.com opengraph.githubassets.com github-production-user-asset-6210df.s3.amazonaws.com customer-stories-feed.github.com spotlights-feed.github.com objects-origin.githubusercontent.com *.githubusercontent.com; manifest-src 'self'; media-src github.com user-images.githubusercontent.com/ secured-user-images.githubusercontent.com/ private-user-images.githubusercontent.com github-production-user-asset-6210df.s3.amazonaws.com gist.github.com; script-src github.githubassets.com; style-src 'unsafe-inline' github.githubassets.com; upgrade-insecure-requests; worker-src github.com/assets-cdn/worker/ gist.github.com/assets-cdn/worker/
Set-Cookie: _gh_sess=X8gOZYLH1%2BeLXM3R8B4cZM0r6Kr2ldZd0HfhhkpRq9Pr%2BOBKWrHo0ckTlzFza8L%2BU7z0Udmui5fGbC4OyOHFG1oS3g%2BS092%2FTIsSEaGNx41R3UwYGM3G41y6vDD4sb61poCSMtmuIeGoaeYPnmAjgYBb3G3CWRw4L2%2F%2FRod0rdrYJirJZ1%2BwOuptjMJ9bKoMxlGDfB5k1DueWcem2%2BoHrcDTShqLHE92kj6KkuXBwgFiAzc5U5PAVzKcmYtx0p%2FCfcW9Jk3Qfyg3bTab2Rx5Mg%3D%3D--nBLA7zgD0C%2F4ujE%2B--u0A5QYFIjLBN46SVffZY7Q%3D%3D; Path=/; HttpOnly; Secure; SameSite=Lax
Set-Cookie: _octo=GH1.1.711631286.1719133432; Path=/; Domain=github.com; Expires=Mon, 23 Jun 2025 09:03:52 GMT; Secure; SameSite=Lax
Set-Cookie: logged_in=no; Path=/; Domain=github.com; Expires=Mon, 23 Jun 2025 09:03:52 GMT; HttpOnly; Secure; SameSite=Lax
Accept-Ranges: bytes
Transfer-Encoding: chunked
X-GitHub-Request-Id: 1015:331BA2:E2F244:FFFAA1:6677E4F8
connection: close

]
[2024-06-23 14:36:50,326: INFO: common: yaml file: config\config.yaml loaded successfully]
[2024-06-23 14:36:50,327: INFO: common: yaml file: params.yaml loaded successfully]
[2024-06-23 14:36:50,328: INFO: common: yaml file: schema.yaml loaded successfully]
[2024-06-23 14:36:50,329: INFO: common: created directory at: artifacts]
[2024-06-23 14:36:50,330: INFO: common: created directory at: artifacts/data_ingestion]
[2024-06-23 14:37:30,889: INFO: common: yaml file: config\config.yaml loaded successfully]
[2024-06-23 14:37:30,891: INFO: common: yaml file: params.yaml loaded successfully]
[2024-06-23 14:37:30,892: INFO: common: yaml file: schema.yaml loaded successfully]
[2024-06-23 14:37:30,893: INFO: common: created directory at: artifacts]
[2024-06-23 14:37:30,894: INFO: common: created directory at: artifacts/data_ingestion]
[2024-06-23 14:37:30,894: INFO: 2497286289: File already exists of size: ~ 336 KB]
[2024-06-23 14:40:11,263: INFO: common: yaml file: config\config.yaml loaded successfully]
[2024-06-23 14:40:11,265: INFO: common: yaml file: params.yaml loaded successfully]
[2024-06-23 14:40:11,266: INFO: common: yaml file: schema.yaml loaded successfully]
[2024-06-23 14:40:11,267: INFO: common: created directory at: artifacts]
[2024-06-23 14:40:11,268: INFO: common: created directory at: artifacts/data_ingestion]
[2024-06-23 14:40:42,620: INFO: main: >>>>>> stage Data Ingestion stage started <<<<<<]
[2024-06-23 14:40:42,621: INFO: common: yaml file: config\config.yaml loaded successfully]
[2024-06-23 14:40:42,622: INFO: common: yaml file: params.yaml loaded successfully]
[2024-06-23 14:40:42,622: INFO: common: yaml file: schema.yaml loaded successfully]
[2024-06-23 14:40:42,623: INFO: common: created directory at: artifacts]
[2024-06-23 14:40:42,623: INFO: common: created directory at: artifacts/data_ingestion]
[2024-06-23 14:40:42,624: INFO: data_ingestion: File already exists of size: ~ 9 KB]
[2024-06-23 14:40:42,626: INFO: main: >>>>>> stage Data Ingestion stage completed <<<<<<

x==========x]
[2024-06-23 18:03:49,513: INFO: main: >>>>>> stage Data Ingestion stage started <<<<<<]
[2024-06-23 18:03:49,516: INFO: common: yaml file: config\config.yaml loaded successfully]
[2024-06-23 18:03:49,519: INFO: common: yaml file: params.yaml loaded successfully]
[2024-06-23 18:03:49,521: INFO: common: yaml file: schema.yaml loaded successfully]
[2024-06-23 18:03:49,522: INFO: common: created directory at: artifacts]
[2024-06-23 18:03:49,524: INFO: common: created directory at: artifacts/data_ingestion]
[2024-06-23 18:03:49,525: INFO: data_ingestion: File already exists of size: ~ 9 KB]
[2024-06-23 18:03:49,536: INFO: main: >>>>>> stage Data Ingestion stage completed <<<<<<

x==========x]
[2024-06-23 18:03:49,536: INFO: main: >>>>>> stage Data Validation stage started <<<<<<]
[2024-06-23 18:03:49,539: INFO: common: yaml file: config\config.yaml loaded successfully]
[2024-06-23 18:03:49,543: INFO: common: yaml file: params.yaml loaded successfully]
[2024-06-23 18:03:49,544: INFO: common: yaml file: schema.yaml loaded successfully]
[2024-06-23 18:03:49,544: INFO: common: created directory at: artifacts]
[2024-06-23 18:03:49,545: ERROR: main: "'ConfigBox' object has no attribute 'columns'"]
Traceback (most recent call last):
  File "D:\1Semester 6\ML\Project\CO544-MLOPs\venv\Lib\site-packages\box\box.py", line 503, in __getitem__
    return super().__getitem__(item)
           ^^^^^^^^^^^^^^^^^^^^^^^^^
KeyError: 'COLUMNS'

The above exception was the direct cause of the following exception:

Traceback (most recent call last):
  File "D:\1Semester 6\ML\Project\CO544-MLOPs\venv\Lib\site-packages\box\box.py", line 536, in __getattr__
    value = self.__getitem__(item, _ignore_default=True)
            ^^^^^^^^^^^^^^^^^^^^^^^^^^^^^^^^^^^^^^^^^^^^
  File "D:\1Semester 6\ML\Project\CO544-MLOPs\venv\Lib\site-packages\box\box.py", line 524, in __getitem__
    raise BoxKeyError(str(err)) from _exception_cause(err)
box.exceptions.BoxKeyError: "'COLUMNS'"

During handling of the above exception, another exception occurred:

Traceback (most recent call last):
  File "D:\1Semester 6\ML\Project\CO544-MLOPs\venv\Lib\site-packages\box\box.py", line 538, in __getattr__
    value = object.__getattribute__(self, item)
            ^^^^^^^^^^^^^^^^^^^^^^^^^^^^^^^^^^^
AttributeError: 'ConfigBox' object has no attribute 'COLUMNS'

The above exception was the direct cause of the following exception:

Traceback (most recent call last):
  File "D:\1Semester 6\ML\Project\CO544-MLOPs\venv\Lib\site-packages\box\config_box.py", line 28, in __getattr__
    return super().__getattr__(item)
           ^^^^^^^^^^^^^^^^^^^^^^^^^
  File "D:\1Semester 6\ML\Project\CO544-MLOPs\venv\Lib\site-packages\box\box.py", line 552, in __getattr__
    raise BoxKeyError(str(err)) from _exception_cause(err)
box.exceptions.BoxKeyError: "'ConfigBox' object has no attribute 'COLUMNS'"

During handling of the above exception, another exception occurred:

Traceback (most recent call last):
  File "D:\1Semester 6\ML\Project\CO544-MLOPs\venv\Lib\site-packages\box\box.py", line 503, in __getitem__
    return super().__getitem__(item)
           ^^^^^^^^^^^^^^^^^^^^^^^^^
KeyError: 'columns'

The above exception was the direct cause of the following exception:

Traceback (most recent call last):
  File "D:\1Semester 6\ML\Project\CO544-MLOPs\venv\Lib\site-packages\box\box.py", line 536, in __getattr__
    value = self.__getitem__(item, _ignore_default=True)
            ^^^^^^^^^^^^^^^^^^^^^^^^^^^^^^^^^^^^^^^^^^^^
  File "D:\1Semester 6\ML\Project\CO544-MLOPs\venv\Lib\site-packages\box\box.py", line 524, in __getitem__
    raise BoxKeyError(str(err)) from _exception_cause(err)
box.exceptions.BoxKeyError: "'columns'"

During handling of the above exception, another exception occurred:

Traceback (most recent call last):
  File "D:\1Semester 6\ML\Project\CO544-MLOPs\venv\Lib\site-packages\box\box.py", line 538, in __getattr__
    value = object.__getattribute__(self, item)
            ^^^^^^^^^^^^^^^^^^^^^^^^^^^^^^^^^^^
AttributeError: 'ConfigBox' object has no attribute 'columns'

The above exception was the direct cause of the following exception:

Traceback (most recent call last):
  File "d:\1Semester 6\ML\Project\CO544-MLOPs\main.py", line 20, in <module>
    data_ingestion.main()
  File "D:\1Semester 6\ML\Project\CO544-MLOPs\src\mlProject\pipeline\stage_02_data_validation.py", line 14, in main
    data_validation_config = config.get_data_validation_config()
                             ^^^^^^^^^^^^^^^^^^^^^^^^^^^^^^^^^^^
  File "D:\1Semester 6\ML\Project\CO544-MLOPs\src\mlProject\config\configuration.py", line 37, in get_data_validation_config
    schema = self.schema.COLUMNS
             ^^^^^^^^^^^^^^^^^^^
  File "D:\1Semester 6\ML\Project\CO544-MLOPs\venv\Lib\site-packages\box\config_box.py", line 30, in __getattr__
    return super().__getattr__(item.lower())
           ^^^^^^^^^^^^^^^^^^^^^^^^^^^^^^^^^
  File "D:\1Semester 6\ML\Project\CO544-MLOPs\venv\Lib\site-packages\box\box.py", line 552, in __getattr__
    raise BoxKeyError(str(err)) from _exception_cause(err)
box.exceptions.BoxKeyError: "'ConfigBox' object has no attribute 'columns'"
[2024-06-23 18:06:56,920: INFO: main: >>>>>> stage Data Ingestion stage started <<<<<<]
[2024-06-23 18:06:56,922: INFO: common: yaml file: config\config.yaml loaded successfully]
[2024-06-23 18:06:56,923: INFO: common: yaml file: params.yaml loaded successfully]
[2024-06-23 18:06:56,924: INFO: common: yaml file: schema.yaml loaded successfully]
[2024-06-23 18:06:56,924: INFO: common: created directory at: artifacts]
[2024-06-23 18:06:56,925: INFO: common: created directory at: artifacts/data_ingestion]
[2024-06-23 18:06:56,925: INFO: data_ingestion: File already exists of size: ~ 9 KB]
[2024-06-23 18:06:56,927: INFO: main: >>>>>> stage Data Ingestion stage completed <<<<<<

x==========x]
[2024-06-23 18:06:56,928: INFO: main: >>>>>> stage Data Validation stage started <<<<<<]
[2024-06-23 18:06:56,929: INFO: common: yaml file: config\config.yaml loaded successfully]
[2024-06-23 18:06:56,930: INFO: common: yaml file: params.yaml loaded successfully]
[2024-06-23 18:06:56,932: INFO: common: yaml file: schema.yaml loaded successfully]
[2024-06-23 18:06:56,933: INFO: common: created directory at: artifacts]
[2024-06-23 18:06:56,933: INFO: common: created directory at: artifacts/data_validation]
[2024-06-23 18:06:56,942: INFO: main: >>>>>> stage Data Validation stage completed <<<<<<

x==========x]
